#
# A fatal error has been detected by the Java Runtime Environment:
#
#  SIGSEGV (0xb) at pc=0x000000010bff0f19, pid=28709, tid=18435
#
# JRE version: Java(TM) SE Runtime Environment (13.0+33) (build 13+33)
# Java VM: Java HotSpot(TM) 64-Bit Server VM (13+33, mixed mode, sharing, tiered, compressed oops, g1 gc, bsd-amd64)
# Problematic frame:
# V  [libjvm.dylib+0x5f0f19]  MethodData::clean_weak_method_links()+0x35
#
# No core dump will be written. Core dumps have been disabled. To enable core dumping, try "ulimit -c unlimited" before starting Java again
#
# If you would like to submit a bug report, please visit:
#   http://bugreport.java.com/bugreport/crash.jsp
#

---------------  S U M M A R Y ------------

Command Line: -agentlib:jdwp=transport=dt_socket,suspend=y,address=localhost:55423 -javaagent:/Users/abhinavkannojia/eclipse/java-2020-03/Eclipse.app/Contents/Eclipse/configuration/org.eclipse.osgi/216/0/.cp/lib/javaagent-shaded.jar -Dfile.encoding=UTF-8 CollectionsAssignmentPackage.MissingRepeatElements

Host: MacBookPro15,4 x86_64 1400 MHz, 8 cores, 8G, Darwin 19.4.0
Time: Wed Apr 15 04:41:12 2020 EDT elapsed time: 2246 seconds (0d 0h 37m 26s)

---------------  T H R E A D  ---------------

Current thread (0x00007fea8d00e000):  VMThread "VM Thread" [stack: 0x0000700007014000,0x0000700007114000] [id=18435]

Stack: [0x0000700007014000,0x0000700007114000],  sp=0x0000700007113930,  free space=1022k
Native frames: (J=compiled Java code, A=aot compiled Java code, j=interpreted, Vv=VM code, C=native code)
V  [libjvm.dylib+0x5f0f19]  MethodData::clean_weak_method_links()+0x35
V  [libjvm.dylib+0x506f4e]  VM_RedefineClasses::AdjustAndCleanMetadata::do_klass(Klass*)+0x90
V  [libjvm.dylib+0x1eed45]  ClassLoaderData::classes_do(KlassClosure*)+0x1b
V  [libjvm.dylib+0x1f0acd]  ClassLoaderDataGraph::classes_do(KlassClosure*)+0x6b
V  [libjvm.dylib+0x501ca1]  VM_RedefineClasses::doit()+0xa9
V  [libjvm.dylib+0x781949]  VM_Operation::evaluate()+0xd5
V  [libjvm.dylib+0x7894b3]  VMThread::evaluate_operation(VM_Operation*)+0x123
V  [libjvm.dylib+0x788ed3]  VMThread::loop()+0x101
V  [libjvm.dylib+0x788ce8]  VMThread::run()+0x78
V  [libjvm.dylib+0x72dccd]  Thread::call_run()+0x71
V  [libjvm.dylib+0x626605]  thread_native_entry(Thread*)+0x132
C  [libsystem_pthread.dylib+0x6109]  _pthread_start+0x94
C  [libsystem_pthread.dylib+0x1b8b]  thread_start+0xf


siginfo: si_signo: 11 (SIGSEGV), si_code: 1 (SEGV_MAPERR), si_addr: 0x00000000002b0110

Register to memory mapping:

RAX=0x00007fea8ae0e080 points into unknown readable memory: 02 00 00 00 00 00 00 00
RBX=0x000000010ea10610 is pointing into metadata
RCX=0x00007fea8ae0e1d8 points into unknown readable memory: 00 00 00 00 00 00 00 00
RDX=0x00007fea8ae0e080 points into unknown readable memory: 02 00 00 00 00 00 00 00
RSP=0x0000700007113930 points into unknown readable memory: 80 e0 e0 8a ea 7f 00 00
RBP=0x0000700007113970 points into unknown readable memory: 70 3a 11 07 00 70 00 00
RSI=0x00007fea8d00e000 points into unknown readable memory: e0 67 34 0c 01 00 00 00
RDI=0x000000010c383880: _ZN6Thread12_thr_currentE+0 in /Library/Java/JavaVirtualMachines/jdk-13.jdk/Contents/Home/lib/server/libjvm.dylib at 0x000000010ba00000
R8 =0x000000010ea1bb10 is pointing into metadata
R9 =0x00007fea8ae0e200 points into unknown readable memory: 10 bb a1 0e 01 00 00 00
R10=0x00007fea8ac13718 points into unknown readable memory: 00 00 00 00 00 00 00 00
R11=0x000000010c209f64: _ZL18hsdis_library_name+0x30910 in /Library/Java/JavaVirtualMachines/jdk-13.jdk/Contents/Home/lib/server/libjvm.dylib at 0x000000010ba00000
R12=0x0000000800b531f8 is a pointer to class: 
CollectionsAssignmentPackage.MissingRepeatElements {0x0000000800b531f8}
R13=0x0 is NULL
R14=0x00000000002b0000 is an unknown value
R15=0x0000000000000002 is an unknown value


Registers:
RAX=0x00007fea8ae0e080, RBX=0x000000010ea10610, RCX=0x00007fea8ae0e1d8, RDX=0x00007fea8ae0e080
RSP=0x0000700007113930, RBP=0x0000700007113970, RSI=0x00007fea8d00e000, RDI=0x000000010c383880
R8 =0x000000010ea1bb10, R9 =0x00007fea8ae0e200, R10=0x00007fea8ac13718, R11=0x000000010c209f64
R12=0x0000000800b531f8, R13=0x0000000000000000, R14=0x00000000002b0000, R15=0x0000000000000002
RIP=0x000000010bff0f19, EFLAGS=0x0000000000010202, ERR=0x0000000000000004
  TRAPNO=0x000000000000000e

Top of Stack: (sp=0x0000700007113930)
0x0000700007113930:   00007fea8ae0e080 00007fea8ac51fc0
0x0000700007113940:   00007fea8ac52120 00007fea8ac523a8
0x0000700007113950:   00000000000003d8 0000000000000000
0x0000700007113960:   000000010ea10610 0000700007113b68
0x0000700007113970:   0000700007113a70 000000010bf06f4e
0x0000700007113980:   0000000800b55508 0000000000000000
0x0000700007113990:   0000000100000000 00007fea8d00e000
0x00007000071139a0:   00007fea8ae0e0b0 00007fea8ae0e0f0
0x00007000071139b0:   00007fea8ae0e130 00007fea8ae0e1d8
0x00007000071139c0:   00000000000000d8 0000700007113aa8
0x00007000071139d0:   00000000071139e0 00007fea8ae0e080
0x00007000071139e0:   0000000800b55508 00000005000001d8
0x00007000071139f0:   00007fea8ae0e080 00007fea8ac51fc0
0x0000700007113a00:   00007fea8ac52120 00007fea8ac523a8
0x0000700007113a10:   00000000000003d8 000000010ea1bb10
0x0000700007113a20:   000000010ea1bb10 00007fea8d00e000
0x0000700007113a30:   0000700007113a60 000000010ea1bb10
0x0000700007113a40:   00007fea8d00e000 00007fea8b81ae00
0x0000700007113a50:   0000000800b531f8 0000000000000018
0x0000700007113a60:   0000700007113b68 0000700007113aa0
0x0000700007113a70:   0000700007113a90 000000010bbeed45
0x0000700007113a80:   0000700007113b68 0000700007113aa8
0x0000700007113a90:   0000700007113b20 000000010bbf0acd
0x0000700007113aa0:   00007fea8b8171b0 00007fea8d00e000
0x0000700007113ab0:   00007fea8ae0e0b0 00007fea8ae0e0f0
0x0000700007113ac0:   00007fea8ae0e100 00007fea8ae0e1d8
0x0000700007113ad0:   00000000000000d8 0000700007113b30
0x0000700007113ae0:   00007fea8ae0e128 00007fea8d00e000
0x0000700007113af0:   000000010c3b30c5 0000700007a31a78
0x0000700007113b00:   0000700007113b20 0000000000000001
0x0000700007113b10:   00007fea8d00e000 0000700007a31a78
0x0000700007113b20:   0000700007113bb0 000000010bf01ca1 

Instructions: (pc=0x000000010bff0f19)
0x000000010bff0e19:   02 00 00 48 89 45 b8 0f 10 40 10 0f 11 45 c0 0f
0x000000010bff0e29:   10 40 20 0f 11 45 d0 41 83 bf 10 01 00 00 00 7e
0x000000010bff0e39:   3a 49 8d bf 18 01 00 00 e8 6a bf ff ff 48 89 c3
0x000000010bff0e49:   48 85 db 74 26 45 0f b6 e6 48 8b 03 48 89 df 44
0x000000010bff0e59:   89 e6 ff 90 80 00 00 00 4c 89 ff 48 89 de e8 8e
0x000000010bff0e69:   eb ff ff 48 89 c3 48 85 db 75 de 49 63 87 14 01
0x000000010bff0e79:   00 00 48 83 f8 fe 74 32 49 8d bc 07 18 01 00 00
0x000000010bff0e89:   e8 22 bf ff ff 48 89 c3 48 8b 03 48 89 df ff 50
0x000000010bff0e99:   68 48 85 db 74 14 84 c0 74 10 48 8b 03 41 0f b6
0x000000010bff0ea9:   f6 48 89 df ff 90 80 00 00 00 48 8d 05 0e a0 34
0x000000010bff0eb9:   00 48 8d 75 a8 48 89 06 44 88 76 08 4c 89 ff e8
0x000000010bff0ec9:   b9 fd ff ff 48 8d 7d b8 e8 5a d2 f5 ff 48 83 c4
0x000000010bff0ed9:   40 5b 41 5c 41 5e 41 5f 5d c3 90 55 48 89 e5 41
0x000000010bff0ee9:   56 53 48 83 ec 30 49 89 fe 48 8d 3d 87 29 39 00
0x000000010bff0ef9:   ff 17 48 8b 00 48 8b 80 68 02 00 00 48 89 45 c0
0x000000010bff0f09:   0f 10 40 10 0f 11 45 c8 0f 10 40 20 0f 11 45 d8
0x000000010bff0f19:   41 83 be 10 01 00 00 00 7e 2d 49 8d be 18 01 00
0x000000010bff0f29:   00 e8 81 be ff ff eb 17 48 8b 03 48 89 df ff 90
0x000000010bff0f39:   88 00 00 00 4c 89 f7 48 89 de e8 b2 ea ff ff 48
0x000000010bff0f49:   89 c3 48 85 db 75 e1 48 8d 05 89 9f 34 00 48 8d
0x000000010bff0f59:   75 e8 48 89 06 4c 89 f7 e8 20 fd ff ff 48 8d 7d
0x000000010bff0f69:   c0 e8 c1 d1 f5 ff 48 83 c4 30 5b 41 5e 5d c3 55
0x000000010bff0f79:   48 89 e5 31 c0 5d c3 55 48 89 e5 31 c0 5d c3 55
0x000000010bff0f89:   48 89 e5 5d c3 90 90 55 48 89 e5 48 8d 05 6d ee
0x000000010bff0f99:   35 00 8b 00 48 8d 0d ac e1 3b 00 8b 09 01 c9 8d
0x000000010bff0fa9:   44 41 02 48 8b 4f 08 48 63 d0 83 c8 01 03 44 d1
0x000000010bff0fb9:   08 5d c3 55 48 89 e5 b0 01 5d c3 55 48 89 e5 41
0x000000010bff0fc9:   57 41 56 41 54 53 41 89 f6 48 89 fb e8 8e cf ff
0x000000010bff0fd9:   ff 4c 8d 3d 27 ee 35 00 41 8b 07 4c 8d 25 65 e1
0x000000010bff0fe9:   3b 00 41 8b 0c 24 01 c9 8d 4c 41 02 48 8b 43 08
0x000000010bff0ff9:   48 63 c9 83 7c c8 08 02 7c 27 48 8d 7b 10 41 0f
0x000000010bff1009:   b6 f6 e8 98 ca ff ff 41 8b 07 41 8b 0c 24 48 8b 


Stack slot to memory mapping:
stack at sp + 0 slots: 0x00007fea8ae0e080 points into unknown readable memory: 02 00 00 00 00 00 00 00
stack at sp + 1 slots: 0x00007fea8ac51fc0 points into unknown readable memory: 00 00 00 00 00 00 00 00
stack at sp + 2 slots: 0x00007fea8ac52120 points into unknown readable memory: 43 6f 6c 6c 65 63 74 69
stack at sp + 3 slots: 0x00007fea8ac523a8 points into unknown readable memory: 00 00 00 00 00 00 00 00
stack at sp + 4 slots: 0x00000000000003d8 is an unknown value
stack at sp + 5 slots: 0x0 is NULL
stack at sp + 6 slots: 0x000000010ea10610 is pointing into metadata
stack at sp + 7 slots: 0x0000700007113b68 points into unknown readable memory: 10 53 33 0c 01 00 00 00

VM_Operation (0x0000700007a31a78): RedefineClasses, mode: safepoint, requested by thread 0x00007fea8e026800, redefining class CollectionsAssignmentPackage.MissingRepeatElements



---------------  P R O C E S S  ---------------

Threads class SMR info:
_java_thread_list=0x00007fea8b83ba70, length=12, elements={
0x00007fea8e009000, 0x00007fea8d00e800, 0x00007fea8d009000, 0x00007fea8d00a800,
0x00007fea8c011800, 0x00007fea8c012800, 0x00007fea8c00f800, 0x00007fea8e025000,
0x00007fea8e026800, 0x00007fea8e81a800, 0x00007fea8c010800, 0x00007fea8c01f800
}

Java Threads: ( => current thread )
  0x00007fea8e009000 JavaThread "main" [_thread_blocked, id=5635, stack(0x0000700006a02000,0x0000700006b02000)]
  0x00007fea8d00e800 JavaThread "Reference Handler" daemon [_thread_blocked, id=14083, stack(0x0000700007117000,0x0000700007217000)]
  0x00007fea8d009000 JavaThread "Finalizer" daemon [_thread_blocked, id=17411, stack(0x000070000721a000,0x000070000731a000)]
  0x00007fea8d00a800 JavaThread "Signal Dispatcher" daemon [_thread_blocked, id=21763, stack(0x0000700007423000,0x0000700007523000)]
  0x00007fea8c011800 JavaThread "C2 CompilerThread0" daemon [_thread_blocked, id=22531, stack(0x0000700007526000,0x0000700007626000)]
  0x00007fea8c012800 JavaThread "C1 CompilerThread0" daemon [_thread_blocked, id=43011, stack(0x0000700007629000,0x0000700007729000)]
  0x00007fea8c00f800 JavaThread "Sweeper thread" daemon [_thread_blocked, id=23299, stack(0x000070000772c000,0x000070000782c000)]
  0x00007fea8e025000 JavaThread "Common-Cleaner" daemon [_thread_blocked, id=42243, stack(0x000070000782f000,0x000070000792f000)]
  0x00007fea8e026800 JavaThread "JDWP Transport Listener: dt_socket" daemon [_thread_blocked, id=24067, stack(0x0000700007932000,0x0000700007a32000)]
  0x00007fea8e81a800 JavaThread "JDWP Event Helper Thread" daemon [_thread_blocked, id=41475, stack(0x0000700007a35000,0x0000700007b35000)]
  0x00007fea8c010800 JavaThread "JDWP Command Reader" daemon [_thread_in_native, id=40963, stack(0x0000700007b38000,0x0000700007c38000)]
  0x00007fea8c01f800 JavaThread "Service Thread" daemon [_thread_blocked, id=40451, stack(0x0000700007c3b000,0x0000700007d3b000)]

Other Threads:
=>0x00007fea8d00e000 VMThread "VM Thread" [stack: 0x0000700007014000,0x0000700007114000] [id=18435]
  0x00007fea8c062000 WatcherThread [stack: 0x0000700007d3e000,0x0000700007e3e000] [id=40195]
  0x00007fea8b035000 GCTaskThread "GC Thread#0" [stack: 0x0000700006b05000,0x0000700006c05000] [id=20995]
  0x00007fea8b046000 ConcurrentGCThread "G1 Main Marker" [stack: 0x0000700006c08000,0x0000700006d08000] [id=11779]
  0x00007fea8b047000 ConcurrentGCThread "G1 Conc#0" [stack: 0x0000700006d0b000,0x0000700006e0b000] [id=12291]
  0x00007fea8b0a7800 ConcurrentGCThread "G1 Refine#0" [stack: 0x0000700006e0e000,0x0000700006f0e000] [id=19971]
  0x00007fea8b0a8800 ConcurrentGCThread "G1 Young RemSet Sampling" [stack: 0x0000700006f11000,0x0000700007011000] [id=19459]

Threads with active compile tasks:

VM state:at safepoint (normal execution)

VM Mutex/Monitor currently owned by a thread:  ([mutex/lock_event])
[0x00007fea8ac12e80] Threads_lock - owner thread: 0x00007fea8d00e000

Heap address: 0x0000000780000000, size: 2048 MB, Compressed Oops mode: Zero based, Oop shift amount: 3
Narrow klass base: 0x0000000800000000, Narrow klass shift: 3
Compressed class space size: 1073741824 Address: 0x0000000800ae9000

Heap:
 garbage-first heap   total 133120K, used 4856K [0x0000000780000000, 0x0000000800000000)
  region size 1024K, 5 young (5120K), 0 survivors (0K)
 Metaspace       used 2793K, capacity 4974K, committed 5120K, reserved 1056768K
  class space    used 267K, capacity 443K, committed 512K, reserved 1048576K
Heap Regions: E=young(eden), S=young(survivor), O=old, HS=humongous(starts), HC=humongous(continues), CS=collection set, F=free, A=archive, TAMS=top-at-mark-start (previous, next)
|   0|0x0000000780000000, 0x0000000780000000, 0x0000000780100000|  0%| F|  |TAMS 0x0000000780000000, 0x0000000780000000| Untracked 
|   1|0x0000000780100000, 0x0000000780100000, 0x0000000780200000|  0%| F|  |TAMS 0x0000000780100000, 0x0000000780100000| Untracked 
|   2|0x0000000780200000, 0x0000000780200000, 0x0000000780300000|  0%| F|  |TAMS 0x0000000780200000, 0x0000000780200000| Untracked 
|   3|0x0000000780300000, 0x0000000780300000, 0x0000000780400000|  0%| F|  |TAMS 0x0000000780300000, 0x0000000780300000| Untracked 
|   4|0x0000000780400000, 0x0000000780400000, 0x0000000780500000|  0%| F|  |TAMS 0x0000000780400000, 0x0000000780400000| Untracked 
|   5|0x0000000780500000, 0x0000000780500000, 0x0000000780600000|  0%| F|  |TAMS 0x0000000780500000, 0x0000000780500000| Untracked 
|   6|0x0000000780600000, 0x0000000780600000, 0x0000000780700000|  0%| F|  |TAMS 0x0000000780600000, 0x0000000780600000| Untracked 
|   7|0x0000000780700000, 0x0000000780700000, 0x0000000780800000|  0%| F|  |TAMS 0x0000000780700000, 0x0000000780700000| Untracked 
|   8|0x0000000780800000, 0x0000000780800000, 0x0000000780900000|  0%| F|  |TAMS 0x0000000780800000, 0x0000000780800000| Untracked 
|   9|0x0000000780900000, 0x0000000780900000, 0x0000000780a00000|  0%| F|  |TAMS 0x0000000780900000, 0x0000000780900000| Untracked 
|  10|0x0000000780a00000, 0x0000000780a00000, 0x0000000780b00000|  0%| F|  |TAMS 0x0000000780a00000, 0x0000000780a00000| Untracked 
|  11|0x0000000780b00000, 0x0000000780b00000, 0x0000000780c00000|  0%| F|  |TAMS 0x0000000780b00000, 0x0000000780b00000| Untracked 
|  12|0x0000000780c00000, 0x0000000780c00000, 0x0000000780d00000|  0%| F|  |TAMS 0x0000000780c00000, 0x0000000780c00000| Untracked 
|  13|0x0000000780d00000, 0x0000000780d00000, 0x0000000780e00000|  0%| F|  |TAMS 0x0000000780d00000, 0x0000000780d00000| Untracked 
|  14|0x0000000780e00000, 0x0000000780e00000, 0x0000000780f00000|  0%| F|  |TAMS 0x0000000780e00000, 0x0000000780e00000| Untracked 
|  15|0x0000000780f00000, 0x0000000780f00000, 0x0000000781000000|  0%| F|  |TAMS 0x0000000780f00000, 0x0000000780f00000| Untracked 
|  16|0x0000000781000000, 0x0000000781000000, 0x0000000781100000|  0%| F|  |TAMS 0x0000000781000000, 0x0000000781000000| Untracked 
|  17|0x0000000781100000, 0x0000000781100000, 0x0000000781200000|  0%| F|  |TAMS 0x0000000781100000, 0x0000000781100000| Untracked 
|  18|0x0000000781200000, 0x0000000781200000, 0x0000000781300000|  0%| F|  |TAMS 0x0000000781200000, 0x0000000781200000| Untracked 
|  19|0x0000000781300000, 0x0000000781300000, 0x0000000781400000|  0%| F|  |TAMS 0x0000000781300000, 0x0000000781300000| Untracked 
|  20|0x0000000781400000, 0x0000000781400000, 0x0000000781500000|  0%| F|  |TAMS 0x0000000781400000, 0x0000000781400000| Untracked 
|  21|0x0000000781500000, 0x0000000781500000, 0x0000000781600000|  0%| F|  |TAMS 0x0000000781500000, 0x0000000781500000| Untracked 
|  22|0x0000000781600000, 0x0000000781600000, 0x0000000781700000|  0%| F|  |TAMS 0x0000000781600000, 0x0000000781600000| Untracked 
|  23|0x0000000781700000, 0x0000000781700000, 0x0000000781800000|  0%| F|  |TAMS 0x0000000781700000, 0x0000000781700000| Untracked 
|  24|0x0000000781800000, 0x0000000781800000, 0x0000000781900000|  0%| F|  |TAMS 0x0000000781800000, 0x0000000781800000| Untracked 
|  25|0x0000000781900000, 0x0000000781900000, 0x0000000781a00000|  0%| F|  |TAMS 0x0000000781900000, 0x0000000781900000| Untracked 
|  26|0x0000000781a00000, 0x0000000781a00000, 0x0000000781b00000|  0%| F|  |TAMS 0x0000000781a00000, 0x0000000781a00000| Untracked 
|  27|0x0000000781b00000, 0x0000000781b00000, 0x0000000781c00000|  0%| F|  |TAMS 0x0000000781b00000, 0x0000000781b00000| Untracked 
|  28|0x0000000781c00000, 0x0000000781c00000, 0x0000000781d00000|  0%| F|  |TAMS 0x0000000781c00000, 0x0000000781c00000| Untracked 
|  29|0x0000000781d00000, 0x0000000781d00000, 0x0000000781e00000|  0%| F|  |TAMS 0x0000000781d00000, 0x0000000781d00000| Untracked 
|  30|0x0000000781e00000, 0x0000000781e00000, 0x0000000781f00000|  0%| F|  |TAMS 0x0000000781e00000, 0x0000000781e00000| Untracked 
|  31|0x0000000781f00000, 0x0000000781f00000, 0x0000000782000000|  0%| F|  |TAMS 0x0000000781f00000, 0x0000000781f00000| Untracked 
|  32|0x0000000782000000, 0x0000000782000000, 0x0000000782100000|  0%| F|  |TAMS 0x0000000782000000, 0x0000000782000000| Untracked 
|  33|0x0000000782100000, 0x0000000782100000, 0x0000000782200000|  0%| F|  |TAMS 0x0000000782100000, 0x0000000782100000| Untracked 
|  34|0x0000000782200000, 0x0000000782200000, 0x0000000782300000|  0%| F|  |TAMS 0x0000000782200000, 0x0000000782200000| Untracked 
|  35|0x0000000782300000, 0x0000000782300000, 0x0000000782400000|  0%| F|  |TAMS 0x0000000782300000, 0x0000000782300000| Untracked 
|  36|0x0000000782400000, 0x0000000782400000, 0x0000000782500000|  0%| F|  |TAMS 0x0000000782400000, 0x0000000782400000| Untracked 
|  37|0x0000000782500000, 0x0000000782500000, 0x0000000782600000|  0%| F|  |TAMS 0x0000000782500000, 0x0000000782500000| Untracked 
|  38|0x0000000782600000, 0x0000000782600000, 0x0000000782700000|  0%| F|  |TAMS 0x0000000782600000, 0x0000000782600000| Untracked 
|  39|0x0000000782700000, 0x0000000782700000, 0x0000000782800000|  0%| F|  |TAMS 0x0000000782700000, 0x0000000782700000| Untracked 
|  40|0x0000000782800000, 0x0000000782800000, 0x0000000782900000|  0%| F|  |TAMS 0x0000000782800000, 0x0000000782800000| Untracked 
|  41|0x0000000782900000, 0x0000000782900000, 0x0000000782a00000|  0%| F|  |TAMS 0x0000000782900000, 0x0000000782900000| Untracked 
|  42|0x0000000782a00000, 0x0000000782a00000, 0x0000000782b00000|  0%| F|  |TAMS 0x0000000782a00000, 0x0000000782a00000| Untracked 
|  43|0x0000000782b00000, 0x0000000782b00000, 0x0000000782c00000|  0%| F|  |TAMS 0x0000000782b00000, 0x0000000782b00000| Untracked 
|  44|0x0000000782c00000, 0x0000000782c00000, 0x0000000782d00000|  0%| F|  |TAMS 0x0000000782c00000, 0x0000000782c00000| Untracked 
|  45|0x0000000782d00000, 0x0000000782d00000, 0x0000000782e00000|  0%| F|  |TAMS 0x0000000782d00000, 0x0000000782d00000| Untracked 
|  46|0x0000000782e00000, 0x0000000782e00000, 0x0000000782f00000|  0%| F|  |TAMS 0x0000000782e00000, 0x0000000782e00000| Untracked 
|  47|0x0000000782f00000, 0x0000000782f00000, 0x0000000783000000|  0%| F|  |TAMS 0x0000000782f00000, 0x0000000782f00000| Untracked 
|  48|0x0000000783000000, 0x0000000783000000, 0x0000000783100000|  0%| F|  |TAMS 0x0000000783000000, 0x0000000783000000| Untracked 
|  49|0x0000000783100000, 0x0000000783100000, 0x0000000783200000|  0%| F|  |TAMS 0x0000000783100000, 0x0000000783100000| Untracked 
|  50|0x0000000783200000, 0x0000000783200000, 0x0000000783300000|  0%| F|  |TAMS 0x0000000783200000, 0x0000000783200000| Untracked 
|  51|0x0000000783300000, 0x0000000783300000, 0x0000000783400000|  0%| F|  |TAMS 0x0000000783300000, 0x0000000783300000| Untracked 
|  52|0x0000000783400000, 0x0000000783400000, 0x0000000783500000|  0%| F|  |TAMS 0x0000000783400000, 0x0000000783400000| Untracked 
|  53|0x0000000783500000, 0x0000000783500000, 0x0000000783600000|  0%| F|  |TAMS 0x0000000783500000, 0x0000000783500000| Untracked 
|  54|0x0000000783600000, 0x0000000783600000, 0x0000000783700000|  0%| F|  |TAMS 0x0000000783600000, 0x0000000783600000| Untracked 
|  55|0x0000000783700000, 0x0000000783700000, 0x0000000783800000|  0%| F|  |TAMS 0x0000000783700000, 0x0000000783700000| Untracked 
|  56|0x0000000783800000, 0x0000000783800000, 0x0000000783900000|  0%| F|  |TAMS 0x0000000783800000, 0x0000000783800000| Untracked 
|  57|0x0000000783900000, 0x0000000783900000, 0x0000000783a00000|  0%| F|  |TAMS 0x0000000783900000, 0x0000000783900000| Untracked 
|  58|0x0000000783a00000, 0x0000000783a00000, 0x0000000783b00000|  0%| F|  |TAMS 0x0000000783a00000, 0x0000000783a00000| Untracked 
|  59|0x0000000783b00000, 0x0000000783b00000, 0x0000000783c00000|  0%| F|  |TAMS 0x0000000783b00000, 0x0000000783b00000| Untracked 
|  60|0x0000000783c00000, 0x0000000783c00000, 0x0000000783d00000|  0%| F|  |TAMS 0x0000000783c00000, 0x0000000783c00000| Untracked 
|  61|0x0000000783d00000, 0x0000000783d00000, 0x0000000783e00000|  0%| F|  |TAMS 0x0000000783d00000, 0x0000000783d00000| Untracked 
|  62|0x0000000783e00000, 0x0000000783e00000, 0x0000000783f00000|  0%| F|  |TAMS 0x0000000783e00000, 0x0000000783e00000| Untracked 
|  63|0x0000000783f00000, 0x0000000783f00000, 0x0000000784000000|  0%| F|  |TAMS 0x0000000783f00000, 0x0000000783f00000| Untracked 
|  64|0x0000000784000000, 0x0000000784000000, 0x0000000784100000|  0%| F|  |TAMS 0x0000000784000000, 0x0000000784000000| Untracked 
|  65|0x0000000784100000, 0x0000000784100000, 0x0000000784200000|  0%| F|  |TAMS 0x0000000784100000, 0x0000000784100000| Untracked 
|  66|0x0000000784200000, 0x0000000784200000, 0x0000000784300000|  0%| F|  |TAMS 0x0000000784200000, 0x0000000784200000| Untracked 
|  67|0x0000000784300000, 0x0000000784300000, 0x0000000784400000|  0%| F|  |TAMS 0x0000000784300000, 0x0000000784300000| Untracked 
|  68|0x0000000784400000, 0x0000000784400000, 0x0000000784500000|  0%| F|  |TAMS 0x0000000784400000, 0x0000000784400000| Untracked 
|  69|0x0000000784500000, 0x0000000784500000, 0x0000000784600000|  0%| F|  |TAMS 0x0000000784500000, 0x0000000784500000| Untracked 
|  70|0x0000000784600000, 0x0000000784600000, 0x0000000784700000|  0%| F|  |TAMS 0x0000000784600000, 0x0000000784600000| Untracked 
|  71|0x0000000784700000, 0x0000000784700000, 0x0000000784800000|  0%| F|  |TAMS 0x0000000784700000, 0x0000000784700000| Untracked 
|  72|0x0000000784800000, 0x0000000784800000, 0x0000000784900000|  0%| F|  |TAMS 0x0000000784800000, 0x0000000784800000| Untracked 
|  73|0x0000000784900000, 0x0000000784900000, 0x0000000784a00000|  0%| F|  |TAMS 0x0000000784900000, 0x0000000784900000| Untracked 
|  74|0x0000000784a00000, 0x0000000784a00000, 0x0000000784b00000|  0%| F|  |TAMS 0x0000000784a00000, 0x0000000784a00000| Untracked 
|  75|0x0000000784b00000, 0x0000000784b00000, 0x0000000784c00000|  0%| F|  |TAMS 0x0000000784b00000, 0x0000000784b00000| Untracked 
|  76|0x0000000784c00000, 0x0000000784c00000, 0x0000000784d00000|  0%| F|  |TAMS 0x0000000784c00000, 0x0000000784c00000| Untracked 
|  77|0x0000000784d00000, 0x0000000784d00000, 0x0000000784e00000|  0%| F|  |TAMS 0x0000000784d00000, 0x0000000784d00000| Untracked 
|  78|0x0000000784e00000, 0x0000000784e00000, 0x0000000784f00000|  0%| F|  |TAMS 0x0000000784e00000, 0x0000000784e00000| Untracked 
|  79|0x0000000784f00000, 0x0000000784f00000, 0x0000000785000000|  0%| F|  |TAMS 0x0000000784f00000, 0x0000000784f00000| Untracked 
|  80|0x0000000785000000, 0x0000000785000000, 0x0000000785100000|  0%| F|  |TAMS 0x0000000785000000, 0x0000000785000000| Untracked 
|  81|0x0000000785100000, 0x0000000785100000, 0x0000000785200000|  0%| F|  |TAMS 0x0000000785100000, 0x0000000785100000| Untracked 
|  82|0x0000000785200000, 0x0000000785200000, 0x0000000785300000|  0%| F|  |TAMS 0x0000000785200000, 0x0000000785200000| Untracked 
|  83|0x0000000785300000, 0x0000000785300000, 0x0000000785400000|  0%| F|  |TAMS 0x0000000785300000, 0x0000000785300000| Untracked 
|  84|0x0000000785400000, 0x0000000785400000, 0x0000000785500000|  0%| F|  |TAMS 0x0000000785400000, 0x0000000785400000| Untracked 
|  85|0x0000000785500000, 0x0000000785500000, 0x0000000785600000|  0%| F|  |TAMS 0x0000000785500000, 0x0000000785500000| Untracked 
|  86|0x0000000785600000, 0x0000000785600000, 0x0000000785700000|  0%| F|  |TAMS 0x0000000785600000, 0x0000000785600000| Untracked 
|  87|0x0000000785700000, 0x0000000785700000, 0x0000000785800000|  0%| F|  |TAMS 0x0000000785700000, 0x0000000785700000| Untracked 
|  88|0x0000000785800000, 0x0000000785800000, 0x0000000785900000|  0%| F|  |TAMS 0x0000000785800000, 0x0000000785800000| Untracked 
|  89|0x0000000785900000, 0x0000000785900000, 0x0000000785a00000|  0%| F|  |TAMS 0x0000000785900000, 0x0000000785900000| Untracked 
|  90|0x0000000785a00000, 0x0000000785a00000, 0x0000000785b00000|  0%| F|  |TAMS 0x0000000785a00000, 0x0000000785a00000| Untracked 
|  91|0x0000000785b00000, 0x0000000785b00000, 0x0000000785c00000|  0%| F|  |TAMS 0x0000000785b00000, 0x0000000785b00000| Untracked 
|  92|0x0000000785c00000, 0x0000000785c00000, 0x0000000785d00000|  0%| F|  |TAMS 0x0000000785c00000, 0x0000000785c00000| Untracked 
|  93|0x0000000785d00000, 0x0000000785d00000, 0x0000000785e00000|  0%| F|  |TAMS 0x0000000785d00000, 0x0000000785d00000| Untracked 
|  94|0x0000000785e00000, 0x0000000785e00000, 0x0000000785f00000|  0%| F|  |TAMS 0x0000000785e00000, 0x0000000785e00000| Untracked 
|  95|0x0000000785f00000, 0x0000000785f00000, 0x0000000786000000|  0%| F|  |TAMS 0x0000000785f00000, 0x0000000785f00000| Untracked 
|  96|0x0000000786000000, 0x0000000786000000, 0x0000000786100000|  0%| F|  |TAMS 0x0000000786000000, 0x0000000786000000| Untracked 
|  97|0x0000000786100000, 0x0000000786100000, 0x0000000786200000|  0%| F|  |TAMS 0x0000000786100000, 0x0000000786100000| Untracked 
|  98|0x0000000786200000, 0x0000000786200000, 0x0000000786300000|  0%| F|  |TAMS 0x0000000786200000, 0x0000000786200000| Untracked 
|  99|0x0000000786300000, 0x0000000786300000, 0x0000000786400000|  0%| F|  |TAMS 0x0000000786300000, 0x0000000786300000| Untracked 
| 100|0x0000000786400000, 0x0000000786400000, 0x0000000786500000|  0%| F|  |TAMS 0x0000000786400000, 0x0000000786400000| Untracked 
| 101|0x0000000786500000, 0x0000000786500000, 0x0000000786600000|  0%| F|  |TAMS 0x0000000786500000, 0x0000000786500000| Untracked 
| 102|0x0000000786600000, 0x0000000786600000, 0x0000000786700000|  0%| F|  |TAMS 0x0000000786600000, 0x0000000786600000| Untracked 
| 103|0x0000000786700000, 0x0000000786700000, 0x0000000786800000|  0%| F|  |TAMS 0x0000000786700000, 0x0000000786700000| Untracked 
| 104|0x0000000786800000, 0x0000000786800000, 0x0000000786900000|  0%| F|  |TAMS 0x0000000786800000, 0x0000000786800000| Untracked 
| 105|0x0000000786900000, 0x0000000786900000, 0x0000000786a00000|  0%| F|  |TAMS 0x0000000786900000, 0x0000000786900000| Untracked 
| 106|0x0000000786a00000, 0x0000000786a00000, 0x0000000786b00000|  0%| F|  |TAMS 0x0000000786a00000, 0x0000000786a00000| Untracked 
| 107|0x0000000786b00000, 0x0000000786b00000, 0x0000000786c00000|  0%| F|  |TAMS 0x0000000786b00000, 0x0000000786b00000| Untracked 
| 108|0x0000000786c00000, 0x0000000786c00000, 0x0000000786d00000|  0%| F|  |TAMS 0x0000000786c00000, 0x0000000786c00000| Untracked 
| 109|0x0000000786d00000, 0x0000000786d00000, 0x0000000786e00000|  0%| F|  |TAMS 0x0000000786d00000, 0x0000000786d00000| Untracked 
| 110|0x0000000786e00000, 0x0000000786e00000, 0x0000000786f00000|  0%| F|  |TAMS 0x0000000786e00000, 0x0000000786e00000| Untracked 
| 111|0x0000000786f00000, 0x0000000786f00000, 0x0000000787000000|  0%| F|  |TAMS 0x0000000786f00000, 0x0000000786f00000| Untracked 
| 112|0x0000000787000000, 0x0000000787000000, 0x0000000787100000|  0%| F|  |TAMS 0x0000000787000000, 0x0000000787000000| Untracked 
| 113|0x0000000787100000, 0x0000000787100000, 0x0000000787200000|  0%| F|  |TAMS 0x0000000787100000, 0x0000000787100000| Untracked 
| 114|0x0000000787200000, 0x0000000787200000, 0x0000000787300000|  0%| F|  |TAMS 0x0000000787200000, 0x0000000787200000| Untracked 
| 115|0x0000000787300000, 0x0000000787300000, 0x0000000787400000|  0%| F|  |TAMS 0x0000000787300000, 0x0000000787300000| Untracked 
| 116|0x0000000787400000, 0x0000000787400000, 0x0000000787500000|  0%| F|  |TAMS 0x0000000787400000, 0x0000000787400000| Untracked 
| 117|0x0000000787500000, 0x0000000787500000, 0x0000000787600000|  0%| F|  |TAMS 0x0000000787500000, 0x0000000787500000| Untracked 
| 118|0x0000000787600000, 0x0000000787600000, 0x0000000787700000|  0%| F|  |TAMS 0x0000000787600000, 0x0000000787600000| Untracked 
| 119|0x0000000787700000, 0x0000000787700000, 0x0000000787800000|  0%| F|  |TAMS 0x0000000787700000, 0x0000000787700000| Untracked 
| 120|0x0000000787800000, 0x0000000787800000, 0x0000000787900000|  0%| F|  |TAMS 0x0000000787800000, 0x0000000787800000| Untracked 
| 121|0x0000000787900000, 0x0000000787900000, 0x0000000787a00000|  0%| F|  |TAMS 0x0000000787900000, 0x0000000787900000| Untracked 
| 122|0x0000000787a00000, 0x0000000787a00000, 0x0000000787b00000|  0%| F|  |TAMS 0x0000000787a00000, 0x0000000787a00000| Untracked 
| 123|0x0000000787b00000, 0x0000000787c00000, 0x0000000787c00000|100%| E|  |TAMS 0x0000000787b00000, 0x0000000787b00000| Complete 
| 124|0x0000000787c00000, 0x0000000787d00000, 0x0000000787d00000|100%| E|CS|TAMS 0x0000000787c00000, 0x0000000787c00000| Complete 
| 125|0x0000000787d00000, 0x0000000787e00000, 0x0000000787e00000|100%| E|CS|TAMS 0x0000000787d00000, 0x0000000787d00000| Complete 
| 126|0x0000000787e00000, 0x0000000787f00000, 0x0000000787f00000|100%| E|CS|TAMS 0x0000000787e00000, 0x0000000787e00000| Complete 
| 127|0x0000000787f00000, 0x0000000788000000, 0x0000000788000000|100%| E|CS|TAMS 0x0000000787f00000, 0x0000000787f00000| Complete 
|1022|0x00000007bfe00000, 0x00000007bfe47000, 0x00000007bff00000| 27%|OA|  |TAMS 0x00000007bfe00000, 0x00000007bfe00000| Untracked 
|1023|0x00000007bff00000, 0x00000007bff77000, 0x00000007c0000000| 46%|CA|  |TAMS 0x00000007bff00000, 0x00000007bff00000| Untracked 

Card table byte_map: [0x000000010d5b7000,0x000000010d9b7000] _byte_map_base: 0x00000001099b7000

Marking Bits (Prev, Next): (CMBitMap*) 0x00007fea8b035a18, (CMBitMap*) 0x00007fea8b035a58
 Prev Bits: [0x0000000126945000, 0x0000000128945000)
 Next Bits: [0x0000000128945000, 0x000000012a945000)

Polling page: 0x000000010a86a000

Metaspace:

Usage:
  Non-class:      4.42 MB capacity,     2.47 MB ( 56%) used,     1.96 MB ( 44%) free+waste,     2.88 KB ( <1%) overhead. 
      Class:    443.00 KB capacity,   267.15 KB ( 60%) used,   174.29 KB ( 39%) free+waste,     1.56 KB ( <1%) overhead. 
       Both:      4.86 MB capacity,     2.73 MB ( 56%) used,     2.13 MB ( 44%) free+waste,     4.44 KB ( <1%) overhead. 

Virtual space:
  Non-class space:        8.00 MB reserved,       4.50 MB ( 56%) committed 
      Class space:        1.00 GB reserved,     512.00 KB ( <1%) committed 
             Both:        1.01 GB reserved,       5.00 MB ( <1%) committed 

Chunk freelists:
   Non-Class:  49.00 KB
       Class:  1.00 KB
        Both:  50.00 KB

MaxMetaspaceSize: unlimited
CompressedClassSpaceSize: 1.00 GB

CodeHeap 'non-profiled nmethods': size=120032Kb used=123Kb max_used=123Kb free=119908Kb
 bounds [0x000000011f40d000, 0x000000011f67d000, 0x0000000126945000]
CodeHeap 'profiled nmethods': size=120028Kb used=566Kb max_used=606Kb free=119461Kb
 bounds [0x0000000117ed6000, 0x0000000118146000, 0x000000011f40d000]
CodeHeap 'non-nmethods': size=5700Kb used=1186Kb max_used=1200Kb free=4513Kb
 bounds [0x0000000117945000, 0x0000000117bb5000, 0x0000000117ed6000]
 total_blobs=886 nmethods=386 adapters=274
 compilation: enabled
              stopped_count=0, restarted_count=0
 full_count=0

Compilation events (20 events):
Event: 1629.983 Thread 0x00007fea8c012800 nmethod 408 0x0000000117f6cc10 code [0x0000000117f6ce60, 0x0000000117f6d6a8]
Event: 1629.995 Thread 0x00007fea8c011800 nmethod 409 0x000000011f41a210 code [0x000000011f41a3c0, 0x000000011f41aaf8]
Event: 1629.995 Thread 0x00007fea8c011800  410       4       org.eclipse.jdt.launching.internal.org.objectweb.asm.ByteVector::putUTF8 (144 bytes)
Event: 1630.004 Thread 0x00007fea8c011800 nmethod 410 0x000000011f42b110 code [0x000000011f42b2c0, 0x000000011f42b988]
Event: 1760.713 Thread 0x00007fea8c012800  411       3       org.eclipse.jdt.launching.internal.org.objectweb.asm.ClassReader::createLabel (21 bytes)
Event: 1760.714 Thread 0x00007fea8c012800 nmethod 411 0x0000000117ed6010 code [0x0000000117ed61e0, 0x0000000117ed6770]
Event: 1760.714 Thread 0x00007fea8c012800  413       3       org.eclipse.jdt.launching.internal.org.objectweb.asm.Label::resolve (219 bytes)
Event: 1760.716 Thread 0x00007fea8c012800 nmethod 413 0x0000000117f0c010 code [0x0000000117f0c1e0, 0x0000000117f0c7d0]
Event: 1760.716 Thread 0x00007fea8c012800  414       3       org.eclipse.jdt.launching.internal.org.objectweb.asm.MethodWriter::visitLineNumber (50 bytes)
Event: 1760.717 Thread 0x00007fea8c012800 nmethod 414 0x0000000117f31190 code [0x0000000117f31360, 0x0000000117f318b8]
Event: 1760.717 Thread 0x00007fea8c012800  412       1       java.lang.Integer::intValue (5 bytes)
Event: 1760.717 Thread 0x00007fea8c012800 nmethod 412 0x000000011f419c10 code [0x000000011f419da0, 0x000000011f419ed0]
Event: 1873.047 Thread 0x00007fea8c012800  415       3       org.eclipse.jdt.launching.internal.org.objectweb.asm.ClassReader::readVerificationTypeInfo (184 bytes)
Event: 1873.058 Thread 0x00007fea8c012800 nmethod 415 0x0000000117f6db90 code [0x0000000117f6dee0, 0x0000000117f6fd28]
Event: 1873.058 Thread 0x00007fea8c012800  416       3       org.eclipse.jdt.launching.internal.org.objectweb.asm.MethodWriter::putFrameType (83 bytes)
Event: 1873.059 Thread 0x00007fea8c012800 nmethod 416 0x0000000117ef0c90 code [0x0000000117ef0ee0, 0x0000000117ef18f8]
Event: 2181.908 Thread 0x00007fea8c012800  417       3       org.eclipse.jdt.launching.internal.org.objectweb.asm.ByteVector::putByteArray (49 bytes)
Event: 2181.910 Thread 0x00007fea8c012800 nmethod 417 0x0000000117f35e90 code [0x0000000117f36040, 0x0000000117f36378]
Event: 2230.189 Thread 0x00007fea8c012800  418       3       org.eclipse.jdt.launching.internal.org.objectweb.asm.ByteVector::putInt (74 bytes)
Event: 2230.190 Thread 0x00007fea8c012800 nmethod 418 0x0000000117f05a10 code [0x0000000117f05bc0, 0x0000000117f05ea8]

GC Heap History (0 events):
No events

Deoptimization events (20 events):
Event: 0.328 Thread 0x00007fea8e009000 DEOPT PACKING pc=0x0000000117f3ef8b sp=0x0000700006afdab0
Event: 0.328 Thread 0x00007fea8e009000 DEOPT UNPACKING pc=0x000000011798e33a sp=0x0000700006afcf98 mode 0
Event: 0.329 Thread 0x00007fea8e009000 DEOPT PACKING pc=0x0000000117f3ef8b sp=0x0000700006afdab0
Event: 0.329 Thread 0x00007fea8e009000 DEOPT UNPACKING pc=0x000000011798e33a sp=0x0000700006afcf98 mode 0
Event: 0.330 Thread 0x00007fea8e009000 DEOPT PACKING pc=0x0000000117f3ef8b sp=0x0000700006afe8b0
Event: 0.330 Thread 0x00007fea8e009000 DEOPT UNPACKING pc=0x000000011798e33a sp=0x0000700006afdd98 mode 0
Event: 0.331 Thread 0x00007fea8e009000 DEOPT PACKING pc=0x0000000117f3ef8b sp=0x0000700006afe8b0
Event: 0.331 Thread 0x00007fea8e009000 DEOPT UNPACKING pc=0x000000011798e33a sp=0x0000700006afdd98 mode 0
Event: 0.332 Thread 0x00007fea8e009000 DEOPT PACKING pc=0x0000000117f3ef8b sp=0x0000700006afd9d0
Event: 0.332 Thread 0x00007fea8e009000 DEOPT UNPACKING pc=0x000000011798e33a sp=0x0000700006afceb8 mode 0
Event: 0.334 Thread 0x00007fea8e009000 DEOPT PACKING pc=0x0000000117f3ef8b sp=0x0000700006afe830
Event: 0.334 Thread 0x00007fea8e009000 DEOPT UNPACKING pc=0x000000011798e33a sp=0x0000700006afdd18 mode 0
Event: 0.335 Thread 0x00007fea8e009000 DEOPT PACKING pc=0x0000000117f3ef8b sp=0x0000700006afe910
Event: 0.335 Thread 0x00007fea8e009000 DEOPT UNPACKING pc=0x000000011798e33a sp=0x0000700006afddf8 mode 0
Event: 0.340 Thread 0x00007fea8e009000 DEOPT PACKING pc=0x0000000117f3ef8b sp=0x0000700006afd6c0
Event: 0.340 Thread 0x00007fea8e009000 DEOPT UNPACKING pc=0x000000011798e33a sp=0x0000700006afcba8 mode 0
Event: 0.341 Thread 0x00007fea8e009000 DEOPT PACKING pc=0x0000000117f3ef8b sp=0x0000700006afe510
Event: 0.341 Thread 0x00007fea8e009000 DEOPT UNPACKING pc=0x000000011798e33a sp=0x0000700006afd9f8 mode 0
Event: 0.342 Thread 0x00007fea8e009000 DEOPT PACKING pc=0x0000000117f3ef8b sp=0x0000700006afe510
Event: 0.342 Thread 0x00007fea8e009000 DEOPT UNPACKING pc=0x000000011798e33a sp=0x0000700006afd9f8 mode 0

Classes unloaded (0 events):
No events

Classes redefined (19 events):
Event: 76.623 Thread 0x00007fea8d00e000 redefined class name=CollectionsAssignmentPackage.MissingRepeatElements, count=1
Event: 116.586 Thread 0x00007fea8d00e000 redefined class name=CollectionsAssignmentPackage.MissingRepeatElements, count=2
Event: 199.421 Thread 0x00007fea8d00e000 redefined class name=CollectionsAssignmentPackage.MissingRepeatElements, count=3
Event: 214.935 Thread 0x00007fea8d00e000 redefined class name=CollectionsAssignmentPackage.MissingRepeatElements, count=4
Event: 818.157 Thread 0x00007fea8d00e000 redefined class name=CollectionsAssignmentPackage.MissingRepeatElements, count=5
Event: 885.801 Thread 0x00007fea8d00e000 redefined class name=CollectionsAssignmentPackage.MissingRepeatElements, count=6
Event: 947.021 Thread 0x00007fea8d00e000 redefined class name=CollectionsAssignmentPackage.MissingRepeatElements, count=7
Event: 956.751 Thread 0x00007fea8d00e000 redefined class name=CollectionsAssignmentPackage.MissingRepeatElements, count=8
Event: 1014.918 Thread 0x00007fea8d00e000 redefined class name=CollectionsAssignmentPackage.MissingRepeatElements, count=9
Event: 1045.591 Thread 0x00007fea8d00e000 redefined class name=CollectionsAssignmentPackage.MissingRepeatElements, count=10
Event: 1115.427 Thread 0x00007fea8d00e000 redefined class name=CollectionsAssignmentPackage.MissingRepeatElements, count=11
Event: 1201.539 Thread 0x00007fea8d00e000 redefined class name=CollectionsAssignmentPackage.MissingRepeatElements, count=12
Event: 1284.097 Thread 0x00007fea8d00e000 redefined class name=CollectionsAssignmentPackage.MissingRepeatElements, count=13
Event: 1629.978 Thread 0x00007fea8d00e000 redefined class name=CollectionsAssignmentPackage.MissingRepeatElements, count=14
Event: 1760.715 Thread 0x00007fea8d00e000 redefined class name=CollectionsAssignmentPackage.MissingRepeatElements, count=15
Event: 1873.054 Thread 0x00007fea8d00e000 redefined class name=CollectionsAssignmentPackage.MissingRepeatElements, count=16
Event: 2181.909 Thread 0x00007fea8d00e000 redefined class name=CollectionsAssignmentPackage.MissingRepeatElements, count=17
Event: 2230.190 Thread 0x00007fea8d00e000 redefined class name=CollectionsAssignmentPackage.MissingRepeatElements, count=18
Event: 2246.743 Thread 0x00007fea8d00e000 redefined class name=CollectionsAssignmentPackage.MissingRepeatElements, count=19

Internal exceptions (0 events):
No events

Events (20 events):
Event: 2203.921 Executing VM operation: get/set locals done
Event: 2203.940 Executing VM operation: get/set locals
Event: 2203.940 Executing VM operation: get/set locals done
Event: 2203.940 Executing VM operation: get/set locals
Event: 2203.940 Executing VM operation: get/set locals done
Event: 2230.190 Executing VM operation: RedefineClasses
Event: 2230.191 Executing VM operation: RedefineClasses done
Event: 2230.194 Executing VM operation: ChangeBreakpoints
Event: 2230.194 Executing VM operation: ChangeBreakpoints done
Event: 2230.195 Executing VM operation: GetFrameCount
Event: 2230.195 Executing VM operation: GetFrameCount done
Event: 2230.195 Executing VM operation: GetStackTrace
Event: 2230.195 Executing VM operation: GetStackTrace done
Event: 2230.220 Executing VM operation: GetFrameCount
Event: 2230.220 Executing VM operation: GetFrameCount done
Event: 2230.220 Executing VM operation: GetOwnedMonitorInfo
Event: 2230.220 Executing VM operation: GetOwnedMonitorInfo done
Event: 2230.220 Executing VM operation: GetCurrentContendedMonitor
Event: 2230.220 Executing VM operation: GetCurrentContendedMonitor done
Event: 2246.743 Executing VM operation: RedefineClasses


Dynamic libraries:
0x00007fff6e996000 	/usr/lib/libz.1.dylib
0x000000010a7ff000 	/Library/Java/JavaVirtualMachines/jdk-13.jdk/Contents/Home/lib/libjli.dylib
0x00007fff347a7000 	/System/Library/Frameworks/Cocoa.framework/Versions/A/Cocoa
0x00007fff41f84000 	/System/Library/Frameworks/Security.framework/Versions/A/Security
0x00007fff33711000 	/System/Library/Frameworks/ApplicationServices.framework/Versions/A/ApplicationServices
0x00007fff6c45a000 	/usr/lib/libSystem.B.dylib
0x00007fff6f256000 	/usr/lib/system/libcache.dylib
0x00007fff6f25c000 	/usr/lib/system/libcommonCrypto.dylib
0x00007fff6f268000 	/usr/lib/system/libcompiler_rt.dylib
0x00007fff6f270000 	/usr/lib/system/libcopyfile.dylib
0x00007fff6f27a000 	/usr/lib/system/libcorecrypto.dylib
0x00007fff6f419000 	/usr/lib/system/libdispatch.dylib
0x00007fff6f45a000 	/usr/lib/system/libdyld.dylib
0x00007fff6f491000 	/usr/lib/system/libkeymgr.dylib
0x00007fff6f49f000 	/usr/lib/system/liblaunch.dylib
0x00007fff6f4a0000 	/usr/lib/system/libmacho.dylib
0x00007fff6f4a6000 	/usr/lib/system/libquarantine.dylib
0x00007fff6f4a9000 	/usr/lib/system/libremovefile.dylib
0x00007fff6f4ab000 	/usr/lib/system/libsystem_asl.dylib
0x00007fff6f4c3000 	/usr/lib/system/libsystem_blocks.dylib
0x00007fff6f4c4000 	/usr/lib/system/libsystem_c.dylib
0x00007fff6f54c000 	/usr/lib/system/libsystem_configuration.dylib
0x00007fff6f550000 	/usr/lib/system/libsystem_coreservices.dylib
0x00007fff6f554000 	/usr/lib/system/libsystem_darwin.dylib
0x00007fff6f55d000 	/usr/lib/system/libsystem_dnssd.dylib
0x00007fff6f565000 	/usr/lib/system/libsystem_featureflags.dylib
0x00007fff6f567000 	/usr/lib/system/libsystem_info.dylib
0x00007fff6f5e2000 	/usr/lib/system/libsystem_m.dylib
0x00007fff6f62a000 	/usr/lib/system/libsystem_malloc.dylib
0x00007fff6f652000 	/usr/lib/system/libsystem_networkextension.dylib
0x00007fff6f660000 	/usr/lib/system/libsystem_notify.dylib
0x00007fff6f67e000 	/usr/lib/system/libsystem_sandbox.dylib
0x00007fff6f683000 	/usr/lib/system/libsystem_secinit.dylib
0x00007fff6f5b5000 	/usr/lib/system/libsystem_kernel.dylib
0x00007fff6f66a000 	/usr/lib/system/libsystem_platform.dylib
0x00007fff6f673000 	/usr/lib/system/libsystem_pthread.dylib
0x00007fff6f686000 	/usr/lib/system/libsystem_symptoms.dylib
0x00007fff6f68e000 	/usr/lib/system/libsystem_trace.dylib
0x00007fff6f6a6000 	/usr/lib/system/libunwind.dylib
0x00007fff6f6ac000 	/usr/lib/system/libxpc.dylib
0x00007fff6e2ba000 	/usr/lib/libobjc.A.dylib
0x00007fff6c793000 	/usr/lib/libc++abi.dylib
0x00007fff6c740000 	/usr/lib/libc++.1.dylib
0x00007fff35642000 	/System/Library/Frameworks/CoreFoundation.framework/Versions/A/CoreFoundation
0x00007fff37cf8000 	/System/Library/Frameworks/Foundation.framework/Versions/C/Foundation
0x00007fff32902000 	/System/Library/Frameworks/AppKit.framework/Versions/C/AppKit
0x00007fff3512b000 	/System/Library/Frameworks/CoreData.framework/Versions/A/CoreData
0x00007fff6647b000 	/System/Library/PrivateFrameworks/UIFoundation.framework/Versions/A/UIFoundation
0x00007fff61529000 	/System/Library/PrivateFrameworks/RemoteViewServices.framework/Versions/A/RemoteViewServices
0x00007fff68fcf000 	/System/Library/PrivateFrameworks/XCTTargetBootstrap.framework/Versions/A/XCTTargetBootstrap
0x00007fff35516000 	/System/Library/Frameworks/CoreDisplay.framework/Versions/A/CoreDisplay
0x00007fff3abb1000 	/System/Library/Frameworks/Metal.framework/Versions/A/Metal
0x00007fff4f598000 	/System/Library/PrivateFrameworks/DesktopServicesPriv.framework/Versions/A/DesktopServicesPriv
0x00007fff6d597000 	/usr/lib/liblangid.dylib
0x00007fff4e831000 	/System/Library/PrivateFrameworks/CoreSVG.framework/Versions/A/CoreSVG
0x00007fff6467f000 	/System/Library/PrivateFrameworks/SkyLight.framework/Versions/A/SkyLight
0x00007fff35ac3000 	/System/Library/Frameworks/CoreGraphics.framework/Versions/A/CoreGraphics
0x00007fff312d6000 	/System/Library/Frameworks/Accelerate.framework/Versions/A/Accelerate
0x00007fff6e887000 	/usr/lib/libxml2.2.dylib
0x00007fff5a4db000 	/System/Library/PrivateFrameworks/IconServices.framework/Versions/A/IconServices
0x00007fff384d7000 	/System/Library/Frameworks/IOSurface.framework/Versions/A/IOSurface
0x00007fff6bf84000 	/usr/lib/libDiagnosticMessagesClient.dylib
0x00007fff4f3f2000 	/System/Library/PrivateFrameworks/DFRFoundation.framework/Versions/A/DFRFoundation
0x00007fff6d326000 	/usr/lib/libicucore.A.dylib
0x00007fff33a43000 	/System/Library/Frameworks/AudioToolbox.framework/Versions/A/AudioToolbox
0x00007fff33b26000 	/System/Library/Frameworks/AudioUnit.framework/Versions/A/AudioUnit
0x00007fff6c65c000 	/usr/lib/libauto.dylib
0x00007fff4f494000 	/System/Library/PrivateFrameworks/DataDetectorsCore.framework/Versions/A/DataDetectorsCore
0x00007fff342c8000 	/System/Library/Frameworks/Carbon.framework/Versions/A/Frameworks/HIToolbox.framework/Versions/A/HIToolbox
0x00007fff41181000 	/System/Library/Frameworks/QuartzCore.framework/Versions/A/QuartzCore
0x00007fff34607000 	/System/Library/Frameworks/Carbon.framework/Versions/A/Frameworks/SpeechRecognition.framework/Versions/A/SpeechRecognition
0x00007fff4ef09000 	/System/Library/PrivateFrameworks/CoreUI.framework/Versions/A/CoreUI
0x00007fff34b96000 	/System/Library/Frameworks/CoreAudio.framework/Versions/A/CoreAudio
0x00007fff379bd000 	/System/Library/Frameworks/DiskArbitration.framework/Versions/A/DiskArbitration
0x00007fff5c528000 	/System/Library/PrivateFrameworks/MultitouchSupport.framework/Versions/A/MultitouchSupport
0x00007fff6d1ed000 	/usr/lib/libenergytrace.dylib
0x00007fff38431000 	/System/Library/Frameworks/IOKit.framework/Versions/A/IOKit
0x00007fff36a2a000 	/System/Library/Frameworks/CoreServices.framework/Versions/A/CoreServices
0x00007fff5e6bf000 	/System/Library/PrivateFrameworks/PerformanceAnalysis.framework/Versions/A/PerformanceAnalysis
0x00007fff401b4000 	/System/Library/Frameworks/OpenGL.framework/Versions/A/OpenGL
0x00007fff347b5000 	/System/Library/Frameworks/ColorSync.framework/Versions/A/ColorSync
0x00007fff36145000 	/System/Library/Frameworks/CoreImage.framework/Versions/A/CoreImage
0x00007fff3749c000 	/System/Library/Frameworks/CoreText.framework/Versions/A/CoreText
0x00007fff38567000 	/System/Library/Frameworks/ImageIO.framework/Versions/A/ImageIO
0x00007fff6c7bc000 	/usr/lib/libcompression.dylib
0x00007fff6c2c8000 	/usr/lib/libMobileGestalt.dylib
0x00007fff661f4000 	/System/Library/PrivateFrameworks/TextureIO.framework/Versions/A/TextureIO
0x00007fff6c5bf000 	/usr/lib/libate.dylib
0x00007fff5a6e4000 	/System/Library/PrivateFrameworks/InternationalSupport.framework/Versions/A/InternationalSupport
0x00007fff6d599000 	/usr/lib/liblzma.5.dylib
0x00007fff6d214000 	/usr/lib/libfakelink.dylib
0x00007fff6c54c000 	/usr/lib/libarchive.2.dylib
0x00007fff43034000 	/System/Library/Frameworks/SystemConfiguration.framework/Versions/A/SystemConfiguration
0x00007fff6beb7000 	/usr/lib/libCRFSuite.dylib
0x00007fff33eb9000 	/System/Library/Frameworks/CFNetwork.framework/Versions/A/CFNetwork
0x00007fff6c722000 	/usr/lib/libbsm.0.dylib
0x00007fff6f492000 	/usr/lib/system/libkxld.dylib
0x00007fff48dc7000 	/System/Library/PrivateFrameworks/AppleFSCompression.framework/Versions/A/AppleFSCompression
0x00007fff6caad000 	/usr/lib/libcoretls.dylib
0x00007fff6cac4000 	/usr/lib/libcoretls_cfhelpers.dylib
0x00007fff6e300000 	/usr/lib/libpam.2.dylib
0x00007fff6e435000 	/usr/lib/libsqlite3.dylib
0x00007fff6e874000 	/usr/lib/libxar.1.dylib
0x00007fff6c733000 	/usr/lib/libbz2.1.0.dylib
0x00007fff6d235000 	/usr/lib/libiconv.2.dylib
0x00007fff6c7a9000 	/usr/lib/libcharset.1.dylib
0x00007fff6dd9f000 	/usr/lib/libnetwork.dylib
0x00007fff6e307000 	/usr/lib/libpcap.A.dylib
0x00007fff6c501000 	/usr/lib/libapple_nghttp2.dylib
0x00007fff36de1000 	/System/Library/Frameworks/CoreServices.framework/Versions/A/Frameworks/FSEvents.framework/Versions/A/FSEvents
0x00007fff36ab1000 	/System/Library/Frameworks/CoreServices.framework/Versions/A/Frameworks/CarbonCore.framework/Versions/A/CarbonCore
0x00007fff37024000 	/System/Library/Frameworks/CoreServices.framework/Versions/A/Frameworks/Metadata.framework/Versions/A/Metadata
0x00007fff370bd000 	/System/Library/Frameworks/CoreServices.framework/Versions/A/Frameworks/OSServices.framework/Versions/A/OSServices
0x00007fff370eb000 	/System/Library/Frameworks/CoreServices.framework/Versions/A/Frameworks/SearchKit.framework/Versions/A/SearchKit
0x00007fff36a2b000 	/System/Library/Frameworks/CoreServices.framework/Versions/A/Frameworks/AE.framework/Versions/A/AE
0x00007fff36dea000 	/System/Library/Frameworks/CoreServices.framework/Versions/A/Frameworks/LaunchServices.framework/Versions/A/LaunchServices
0x00007fff36d93000 	/System/Library/Frameworks/CoreServices.framework/Versions/A/Frameworks/DictionaryServices.framework/Versions/A/DictionaryServices
0x00007fff37153000 	/System/Library/Frameworks/CoreServices.framework/Versions/A/Frameworks/SharedFileList.framework/Versions/A/SharedFileList
0x00007fff3bfd4000 	/System/Library/Frameworks/NetFS.framework/Versions/A/NetFS
0x00007fff5ca57000 	/System/Library/PrivateFrameworks/NetAuth.framework/Versions/A/NetAuth
0x00007fff6939c000 	/System/Library/PrivateFrameworks/login.framework/Versions/A/Frameworks/loginsupport.framework/Versions/A/loginsupport
0x00007fff65cc1000 	/System/Library/PrivateFrameworks/TCC.framework/Versions/A/TCC
0x00007fff4d9a4000 	/System/Library/PrivateFrameworks/CoreNLP.framework/Versions/A/CoreNLP
0x00007fff5bf56000 	/System/Library/PrivateFrameworks/MetadataUtilities.framework/Versions/A/MetadataUtilities
0x00007fff6d671000 	/usr/lib/libmecabra.dylib
0x00007fff6d5c9000 	/usr/lib/libmecab.dylib
0x00007fff6d225000 	/usr/lib/libgermantok.dylib
0x00007fff6c4e8000 	/usr/lib/libThaiTokenizer.dylib
0x00007fff6beee000 	/usr/lib/libChineseTokenizer.dylib
0x00007fff312ee000 	/System/Library/Frameworks/Accelerate.framework/Versions/A/Frameworks/vImage.framework/Versions/A/vImage
0x00007fff32758000 	/System/Library/Frameworks/Accelerate.framework/Versions/A/Frameworks/vecLib.framework/Versions/A/vecLib
0x00007fff32695000 	/System/Library/Frameworks/Accelerate.framework/Versions/A/Frameworks/vecLib.framework/Versions/A/libvMisc.dylib
0x00007fff324bd000 	/System/Library/Frameworks/Accelerate.framework/Versions/A/Frameworks/vecLib.framework/Versions/A/libvDSP.dylib
0x00007fff31945000 	/System/Library/Frameworks/Accelerate.framework/Versions/A/Frameworks/vecLib.framework/Versions/A/libBLAS.dylib
0x00007fff32081000 	/System/Library/Frameworks/Accelerate.framework/Versions/A/Frameworks/vecLib.framework/Versions/A/libLAPACK.dylib
0x00007fff3241d000 	/System/Library/Frameworks/Accelerate.framework/Versions/A/Frameworks/vecLib.framework/Versions/A/libLinearAlgebra.dylib
0x00007fff324aa000 	/System/Library/Frameworks/Accelerate.framework/Versions/A/Frameworks/vecLib.framework/Versions/A/libSparseBLAS.dylib
0x00007fff32433000 	/System/Library/Frameworks/Accelerate.framework/Versions/A/Frameworks/vecLib.framework/Versions/A/libQuadrature.dylib
0x00007fff31bad000 	/System/Library/Frameworks/Accelerate.framework/Versions/A/Frameworks/vecLib.framework/Versions/A/libBNNS.dylib
0x00007fff32439000 	/System/Library/Frameworks/Accelerate.framework/Versions/A/Frameworks/vecLib.framework/Versions/A/libSparse.dylib
0x00007fff5aacc000 	/System/Library/PrivateFrameworks/LanguageModeling.framework/Versions/A/LanguageModeling
0x00007fff4d354000 	/System/Library/PrivateFrameworks/CoreEmoji.framework/Versions/A/CoreEmoji
0x00007fff5abea000 	/System/Library/PrivateFrameworks/LinguisticData.framework/Versions/A/LinguisticData
0x00007fff5ab9b000 	/System/Library/PrivateFrameworks/Lexicon.framework/Versions/A/Lexicon
0x00007fff6c7aa000 	/usr/lib/libcmph.dylib
0x00007fff3ebc2000 	/System/Library/Frameworks/OpenDirectory.framework/Versions/A/Frameworks/CFOpenDirectory.framework/Versions/A/CFOpenDirectory
0x00007fff3ebdf000 	/System/Library/Frameworks/OpenDirectory.framework/Versions/A/OpenDirectory
0x00007fff46fff000 	/System/Library/PrivateFrameworks/APFS.framework/Versions/A/APFS
0x00007fff422ce000 	/System/Library/Frameworks/SecurityFoundation.framework/Versions/A/SecurityFoundation
0x00007fff6e870000 	/usr/lib/libutil.dylib
0x00007fff4e889000 	/System/Library/PrivateFrameworks/CoreServicesStore.framework/Versions/A/CoreServicesStore
0x00007fff42385000 	/System/Library/Frameworks/ServiceManagement.framework/Versions/A/ServiceManagement
0x00007fff4a595000 	/System/Library/PrivateFrameworks/BackgroundTaskManagement.framework/Versions/A/BackgroundTaskManagement
0x00007fff6e96d000 	/usr/lib/libxslt.1.dylib
0x00007fff49439000 	/System/Library/PrivateFrameworks/AppleSystemInfo.framework/Versions/A/AppleSystemInfo
0x00007fff38782000 	/System/Library/Frameworks/ImageIO.framework/Versions/A/Resources/libJPEG.dylib
0x00007fff38a3e000 	/System/Library/Frameworks/ImageIO.framework/Versions/A/Resources/libTIFF.dylib
0x00007fff38a21000 	/System/Library/Frameworks/ImageIO.framework/Versions/A/Resources/libPng.dylib
0x00007fff386c4000 	/System/Library/Frameworks/ImageIO.framework/Versions/A/Resources/libGIF.dylib
0x00007fff386c8000 	/System/Library/Frameworks/ImageIO.framework/Versions/A/Resources/libJP2.dylib
0x00007fff38a3c000 	/System/Library/Frameworks/ImageIO.framework/Versions/A/Resources/libRadiance.dylib
0x00007fff6d1ee000 	/usr/lib/libexpat.1.dylib
0x00007fff48f22000 	/System/Library/PrivateFrameworks/AppleJPEG.framework/Versions/A/AppleJPEG
0x00007fff51b4e000 	/System/Library/PrivateFrameworks/FontServices.framework/libFontParser.dylib
0x00007fff683a2000 	/System/Library/PrivateFrameworks/WatchdogClient.framework/Versions/A/WatchdogClient
0x00007fff5a128000 	/System/Library/PrivateFrameworks/IOAccelerator.framework/Versions/A/IOAccelerator
0x00007fff3af4c000 	/System/Library/Frameworks/MetalPerformanceShaders.framework/Versions/A/MetalPerformanceShaders
0x00007fff568c1000 	/System/Library/PrivateFrameworks/GPUWrangler.framework/Versions/A/GPUWrangler
0x00007fff5a13d000 	/System/Library/PrivateFrameworks/IOPresentment.framework/Versions/A/IOPresentment
0x00007fff4f405000 	/System/Library/PrivateFrameworks/DSExternalDisplay.framework/Versions/A/DSExternalDisplay
0x00007fff3f553000 	/System/Library/Frameworks/OpenGL.framework/Versions/A/Libraries/libCoreFSCache.dylib
0x00007fff3ac98000 	/System/Library/Frameworks/MetalPerformanceShaders.framework/Frameworks/MPSCore.framework/Versions/A/MPSCore
0x00007fff3acd6000 	/System/Library/Frameworks/MetalPerformanceShaders.framework/Frameworks/MPSImage.framework/Versions/A/MPSImage
0x00007fff3ad9d000 	/System/Library/Frameworks/MetalPerformanceShaders.framework/Frameworks/MPSNeuralNetwork.framework/Versions/A/MPSNeuralNetwork
0x00007fff3ad61000 	/System/Library/Frameworks/MetalPerformanceShaders.framework/Frameworks/MPSMatrix.framework/Versions/A/MPSMatrix
0x00007fff3aefc000 	/System/Library/Frameworks/MetalPerformanceShaders.framework/Frameworks/MPSRayIntersector.framework/Versions/A/MPSRayIntersector
0x00007fff3ad87000 	/System/Library/Frameworks/MetalPerformanceShaders.framework/Frameworks/MPSNDArray.framework/Versions/A/MPSNDArray
0x00007fff5bfa3000 	/System/Library/PrivateFrameworks/MetalTools.framework/Versions/A/MetalTools
0x00007fff481d2000 	/System/Library/PrivateFrameworks/AggregateDictionary.framework/Versions/A/AggregateDictionary
0x00007fff4cdae000 	/System/Library/PrivateFrameworks/CoreAnalytics.framework/Versions/A/CoreAnalytics
0x00007fff49358000 	/System/Library/PrivateFrameworks/AppleSauce.framework/Versions/A/AppleSauce
0x00007fff6c1aa000 	/usr/lib/libIOReport.dylib
0x00007fff37654000 	/System/Library/Frameworks/CoreVideo.framework/Versions/A/CoreVideo
0x00007fff57d3b000 	/System/Library/PrivateFrameworks/GraphVisualizer.framework/Versions/A/GraphVisualizer
0x00007fff510a2000 	/System/Library/PrivateFrameworks/FaceCore.framework/Versions/A/FaceCore
0x00007fff3eb69000 	/System/Library/Frameworks/OpenCL.framework/Versions/A/OpenCL
0x00007fff6bfcc000 	/usr/lib/libFosl_dynamic.dylib
0x00007fff5d46c000 	/System/Library/PrivateFrameworks/OTSVG.framework/Versions/A/OTSVG
0x00007fff33816000 	/System/Library/Frameworks/ApplicationServices.framework/Versions/A/Frameworks/ATS.framework/Versions/A/Resources/libFontRegistry.dylib
0x00007fff51d1f000 	/System/Library/PrivateFrameworks/FontServices.framework/libhvf.dylib
0x00007fff3f55e000 	/System/Library/Frameworks/OpenGL.framework/Versions/A/Libraries/libGFXShared.dylib
0x00007fff3f73c000 	/System/Library/Frameworks/OpenGL.framework/Versions/A/Libraries/libGLU.dylib
0x00007fff3f567000 	/System/Library/Frameworks/OpenGL.framework/Versions/A/Libraries/libGL.dylib
0x00007fff3f572000 	/System/Library/Frameworks/OpenGL.framework/Versions/A/Libraries/libGLImage.dylib
0x00007fff3f550000 	/System/Library/Frameworks/OpenGL.framework/Versions/A/Libraries/libCVMSPluginSupport.dylib
0x00007fff3f559000 	/System/Library/Frameworks/OpenGL.framework/Versions/A/Libraries/libCoreVMClient.dylib
0x00007fff6dc40000 	/usr/lib/libncurses.5.4.dylib
0x00007fff33712000 	/System/Library/Frameworks/ApplicationServices.framework/Versions/A/Frameworks/ATS.framework/Versions/A/ATS
0x00007fff338df000 	/System/Library/Frameworks/ApplicationServices.framework/Versions/A/Frameworks/ColorSyncLegacy.framework/Versions/A/ColorSyncLegacy
0x00007fff3397d000 	/System/Library/Frameworks/ApplicationServices.framework/Versions/A/Frameworks/HIServices.framework/Versions/A/HIServices
0x00007fff339d5000 	/System/Library/Frameworks/ApplicationServices.framework/Versions/A/Frameworks/LangAnalysis.framework/Versions/A/LangAnalysis
0x00007fff339e4000 	/System/Library/Frameworks/ApplicationServices.framework/Versions/A/Frameworks/PrintCore.framework/Versions/A/PrintCore
0x00007fff33a2a000 	/System/Library/Frameworks/ApplicationServices.framework/Versions/A/Frameworks/QD.framework/Versions/A/QD
0x00007fff33a35000 	/System/Library/Frameworks/ApplicationServices.framework/Versions/A/Frameworks/SpeechSynthesis.framework/Versions/A/SpeechSynthesis
0x00007fff338af000 	/System/Library/Frameworks/ApplicationServices.framework/Versions/A/Frameworks/ATSUI.framework/Versions/A/ATSUI
0x00007fff6d082000 	/usr/lib/libcups.2.dylib
0x00007fff39fe9000 	/System/Library/Frameworks/Kerberos.framework/Versions/A/Kerberos
0x00007fff3812a000 	/System/Library/Frameworks/GSS.framework/Versions/A/GSS
0x00007fff6e3c1000 	/usr/lib/libresolv.9.dylib
0x00007fff57ee9000 	/System/Library/PrivateFrameworks/Heimdal.framework/Versions/A/Heimdal
0x00007fff39ffc000 	/System/Library/Frameworks/Kerberos.framework/Versions/A/Libraries/libHeimdalProxy.dylib
0x00007fff6d22b000 	/usr/lib/libheimdal-asn1.dylib
0x00007fff4c247000 	/System/Library/PrivateFrameworks/CommonAuth.framework/Versions/A/CommonAuth
0x00007fff494d6000 	/System/Library/PrivateFrameworks/AssertionServices.framework/Versions/A/AssertionServices
0x00007fff4a078000 	/System/Library/PrivateFrameworks/AudioToolboxCore.framework/Versions/A/AudioToolboxCore
0x00007fff6904c000 	/System/Library/PrivateFrameworks/caulk.framework/Versions/A/caulk
0x00007fff4a641000 	/System/Library/PrivateFrameworks/BaseBoard.framework/Versions/A/BaseBoard
0x00007fff616b7000 	/System/Library/PrivateFrameworks/RunningBoardServices.framework/Versions/A/RunningBoardServices
0x00007fff5e6cb000 	/System/Library/PrivateFrameworks/PersistentConnection.framework/Versions/A/PersistentConnection
0x00007fff610b1000 	/System/Library/PrivateFrameworks/ProtocolBuffer.framework/Versions/A/ProtocolBuffer
0x00007fff4c26b000 	/System/Library/PrivateFrameworks/CommonUtilities.framework/Versions/A/CommonUtilities
0x00007fff4a7cf000 	/System/Library/PrivateFrameworks/Bom.framework/Versions/A/Bom
0x00007fff6be7d000 	/usr/lib/libAudioToolboxUtility.dylib
0x00007fff4a59f000 	/System/Library/PrivateFrameworks/Backup.framework/Versions/A/Backup
0x00007fff4f326000 	/System/Library/PrivateFrameworks/CrashReporterSupport.framework/Versions/A/CrashReporterSupport
0x00007fff63145000 	/System/Library/PrivateFrameworks/Sharing.framework/Versions/A/Sharing
0x00007fff48ae5000 	/System/Library/PrivateFrameworks/Apple80211.framework/Versions/A/Apple80211
0x00007fff4a2bc000 	/System/Library/PrivateFrameworks/AuthKit.framework/Versions/A/AuthKit
0x00007fff4f036000 	/System/Library/PrivateFrameworks/CoreUtils.framework/Versions/A/CoreUtils
0x00007fff37699000 	/System/Library/Frameworks/CoreWLAN.framework/Versions/A/CoreWLAN
0x00007fff382b7000 	/System/Library/Frameworks/IOBluetooth.framework/Versions/A/IOBluetooth
0x00007fff5c2a7000 	/System/Library/PrivateFrameworks/MobileKeyBag.framework/Versions/A/MobileKeyBag
0x00007fff4de3c000 	/System/Library/PrivateFrameworks/CorePhoneNumbers.framework/Versions/A/CorePhoneNumbers
0x00007fff48ed5000 	/System/Library/PrivateFrameworks/AppleIDAuthSupport.framework/Versions/A/AppleIDAuthSupport
0x00007fff3bfe1000 	/System/Library/Frameworks/Network.framework/Versions/A/Network
0x00007fff5a978000 	/System/Library/PrivateFrameworks/KeychainCircle.framework/Versions/A/KeychainCircle
0x00007fff350f2000 	/System/Library/Frameworks/CoreBluetooth.framework/Versions/A/CoreBluetooth
0x00007fff651c2000 	/System/Library/PrivateFrameworks/SpeechRecognitionCore.framework/Versions/A/SpeechRecognitionCore
0x000000010ba00000 	/Library/Java/JavaVirtualMachines/jdk-13.jdk/Contents/Home/lib/server/libjvm.dylib
0x000000010a822000 	/Library/Java/JavaVirtualMachines/jdk-13.jdk/Contents/Home/lib/libverify.dylib
0x000000010a82e000 	/Library/Java/JavaVirtualMachines/jdk-13.jdk/Contents/Home/lib/libjava.dylib
0x000000010a86c000 	/Library/Java/JavaVirtualMachines/jdk-13.jdk/Contents/Home/lib/libjdwp.dylib
0x000000010a8a2000 	/Library/Java/JavaVirtualMachines/jdk-13.jdk/Contents/Home/lib/libinstrument.dylib
0x000000010a925000 	/Library/Java/JavaVirtualMachines/jdk-13.jdk/Contents/Home/lib/libzip.dylib
0x000000010a92c000 	/Library/Java/JavaVirtualMachines/jdk-13.jdk/Contents/Home/lib/libjimage.dylib
0x000000010ef00000 	/Library/Java/JavaVirtualMachines/jdk-13.jdk/Contents/Home/lib/libdt_socket.dylib
0x000000010efa5000 	/Library/Java/JavaVirtualMachines/jdk-13.jdk/Contents/Home/lib/libnio.dylib
0x000000010efb3000 	/Library/Java/JavaVirtualMachines/jdk-13.jdk/Contents/Home/lib/libnet.dylib


VM Arguments:
jvm_args: -agentlib:jdwp=transport=dt_socket,suspend=y,address=localhost:55423 -javaagent:/Users/abhinavkannojia/eclipse/java-2020-03/Eclipse.app/Contents/Eclipse/configuration/org.eclipse.osgi/216/0/.cp/lib/javaagent-shaded.jar -Dfile.encoding=UTF-8 
java_command: CollectionsAssignmentPackage.MissingRepeatElements
java_class_path (initial): /Users/abhinavkannojia/Desktop/eclispse_projects/CollectionsAssignment/bin
Launcher Type: SUN_STANDARD

[Global flags]
     intx CICompilerCount                          = 4                                         {product} {ergonomic}
     uint ConcGCThreads                            = 2                                         {product} {ergonomic}
     uint G1ConcRefinementThreads                  = 8                                         {product} {ergonomic}
   size_t G1HeapRegionSize                         = 1048576                                   {product} {ergonomic}
    uintx GCDrainStackTargetSize                   = 64                                        {product} {ergonomic}
   size_t InitialHeapSize                          = 134217728                                 {product} {ergonomic}
   size_t MarkStackSize                            = 4194304                                   {product} {ergonomic}
   size_t MaxHeapSize                              = 2147483648                                {product} {ergonomic}
   size_t MaxNewSize                               = 1287651328                                {product} {ergonomic}
   size_t MinHeapDeltaBytes                        = 1048576                                   {product} {ergonomic}
   size_t MinHeapSize                              = 8388608                                   {product} {ergonomic}
    uintx NonNMethodCodeHeapSize                   = 5836300                                {pd product} {ergonomic}
    uintx NonProfiledCodeHeapSize                  = 122910970                              {pd product} {ergonomic}
    uintx ProfiledCodeHeapSize                     = 122910970                              {pd product} {ergonomic}
    uintx ReservedCodeCacheSize                    = 251658240                              {pd product} {ergonomic}
     bool SegmentedCodeCache                       = true                                      {product} {ergonomic}
   size_t SoftMaxHeapSize                          = 2147483648                             {manageable} {ergonomic}
     bool UseCompressedClassPointers               = true                                 {lp64_product} {ergonomic}
     bool UseCompressedOops                        = true                                 {lp64_product} {ergonomic}
     bool UseG1GC                                  = true                                      {product} {ergonomic}

Logging:
Log output configuration:
 #0: stdout all=warning uptime,level,tags
 #1: stderr all=off uptime,level,tags

Environment Variables:
PATH=/usr/bin:/bin:/usr/sbin:/sbin
SHELL=/bin/bash

Signal Handlers:
SIGSEGV: [libjvm.dylib+0x781750], sa_mask[0]=11111111011111110111111111111111, sa_flags=SA_ONSTACK|SA_RESTART|SA_SIGINFO
SIGBUS: [libjvm.dylib+0x781750], sa_mask[0]=11111111011111110111111111111111, sa_flags=SA_RESTART|SA_SIGINFO
SIGFPE: [libjvm.dylib+0x781750], sa_mask[0]=11111111011111110111111111111111, sa_flags=SA_RESTART|SA_SIGINFO
SIGPIPE: [libjvm.dylib+0x62815d], sa_mask[0]=11111111011111110111111111111111, sa_flags=SA_RESTART|SA_SIGINFO
SIGXFSZ: [libjvm.dylib+0x62815d], sa_mask[0]=11111111011111110111111111111111, sa_flags=SA_RESTART|SA_SIGINFO
SIGILL: [libjvm.dylib+0x781750], sa_mask[0]=11111111011111110111111111111111, sa_flags=SA_RESTART|SA_SIGINFO
SIGUSR2: [libjvm.dylib+0x628747], sa_mask[0]=00100000000000000000000000000000, sa_flags=SA_RESTART|SA_SIGINFO
SIGHUP: [libjvm.dylib+0x627735], sa_mask[0]=11111111011111110111111111111111, sa_flags=SA_RESTART|SA_SIGINFO
SIGINT: [libjvm.dylib+0x627735], sa_mask[0]=11111111011111110111111111111111, sa_flags=SA_RESTART|SA_SIGINFO
SIGTERM: [libjvm.dylib+0x627735], sa_mask[0]=11111111011111110111111111111111, sa_flags=SA_RESTART|SA_SIGINFO
SIGQUIT: [libjvm.dylib+0x627735], sa_mask[0]=11111111011111110111111111111111, sa_flags=SA_RESTART|SA_SIGINFO


---------------  S Y S T E M  ---------------

OS:uname:Darwin 19.4.0 Darwin Kernel Version 19.4.0: Wed Mar  4 22:28:40 PST 2020; root:xnu-6153.101.6~15/RELEASE_X86_64 x86_64
rlimit: STACK 8192k, CORE 0k, NPROC 1392, NOFILE 10240, AS infinity, DATA infinity, FSIZE infinity
load average:3.97 3.13 2.80

CPU:total 8 (initial active 8) (4 cores per cpu, 2 threads per core) family 6 model 142 stepping 10, cmov, cx8, fxsr, mmx, sse, sse2, sse3, ssse3, sse4.1, sse4.2, popcnt, avx, avx2, aes, clmul, erms, 3dnowpref, lzcnt, ht, tsc, tscinvbit, bmi1, bmi2, adx, fma

Memory: 4k page, physical 8388608k(26976k free), swap 3145728k(356096k free)

vm_info: Java HotSpot(TM) 64-Bit Server VM (13+33) for bsd-amd64 JRE (13+33), built on Sep 18 2019 20:37:30 by "mach5one" with clang 4.2.1 Compatible Apple LLVM 10.0.0 (clang-1000.11.45.5)

END.
